<?xml version="1.0" encoding="UTF-8"?>
<!-- Generated by org.testng.reporters.JUnitXMLReporter -->
<testsuite ignored="0" hostname="LAPTOP-5T9CK8KA" failures="0" tests="8" name="Default test" time="61.215" errors="0" timestamp="2025-09-06T09:40:41 IST">
  <testcase classname="tests.LoginTest" name="testEmptyCredentials" time="4.076"/>
  <testcase classname="tests.LoginTest" name="testErrorMessageText" time="0.789"/>
  <testcase classname="tests.LoginTest" name="testInvalidCredentials" time="0.695"/>
  <testcase classname="tests.LoginTest" name="testLockedOutUser" time="0.561"/>
  <testcase classname="tests.LoginTest" name="testLogoutFunctionality" time="1.676"/>
  <testcase classname="tests.LoginTest" name="testPerformanceGlitchUserLogin" time="5.757"/>
  <testcase classname="tests.LoginTest" name="testProblemUserLogin" time="0.675"/>
  <testcase classname="tests.LoginTest" name="testValidLoginStandardUser" time="0.51"/>
</testsuite> <!-- Default test -->
