<?xml version="1.0" encoding="UTF-8"?>
<!-- Generated by org.testng.reporters.JUnitXMLReporter -->
<testsuite ignored="0" hostname="Sakshi" failures="0" tests="31" name="Test" time="251.173" errors="0" timestamp="2025-09-08T17:08:13 IST">
  <testcase classname="tests.ProductTest" name="testAddMultipleProductsToCart" time="0.783"/>
  <testcase classname="tests.ProductTest" name="testAddProductToCart" time="0.324"/>
  <testcase classname="tests.ProductTest" name="testClickProductDetailsPage" time="0.225"/>
  <testcase classname="tests.ProductTest" name="testProductListingPage" time="0.074"/>
  <testcase classname="tests.ProductTest" name="testProductNamesAndPricesDisplayed" time="0.161"/>
  <testcase classname="tests.ProductTest" name="testRemoveProductFromCart" time="0.537"/>
  <testcase classname="tests.ProductTest" name="testSortingOptions" time="0.876"/>
  <testcase classname="tests.LoginTest" name="testEmptyCredentials" time="0.61"/>
  <testcase classname="tests.LoginTest" name="testErrorMessageText" time="0.841"/>
  <testcase classname="tests.LoginTest" name="testInvalidCredentials" time="1.929"/>
  <testcase classname="tests.LoginTest" name="testLockedOutUser" time="0.982"/>
  <testcase classname="tests.LoginTest" name="testLogoutFunctionality" time="1.05"/>
  <testcase classname="tests.LoginTest" name="testPerformanceGlitchUserLogin" time="5.974"/>
  <testcase classname="tests.LoginTest" name="testProblemUserLogin" time="1.05"/>
  <testcase classname="tests.LoginTest" name="testValidLoginStandardUser" time="1.972"/>
  <testcase classname="tests.CartTest" name="testContinueShoppingFromCart" time="0.787"/>
  <testcase classname="tests.CartTest" name="testProceedToCheckout" time="0.768"/>
  <testcase classname="tests.CartTest" name="testRemoveItemFromCart" time="10.752"/>
  <testcase classname="tests.CartTest" name="testVerifyCartItems" time="0.766"/>
  <testcase classname="tests.CheckoutTest" name="testBackHomeFromCheckoutComplete" time="0.691"/>
  <testcase classname="tests.CheckoutTest" name="testCancelCheckout" time="0.712"/>
  <testcase classname="tests.CheckoutTest" name="testCompleteCheckoutValidData" time="0.773"/>
  <testcase classname="tests.CheckoutTest" name="testEmptyFirstName" time="0.332"/>
  <testcase classname="tests.CheckoutTest" name="testEmptyPostalCode" time="0.494"/>
  <testcase classname="tests.CheckoutTest" name="testOrderConfirmationPage" time="0.734"/>
  <testcase classname="tests.CheckoutTest" name="testOrderSummaryValidation" time="0.544"/>
  <testcase classname="tests.UITest" name="testBurgerMenuPresence" time="0.048"/>
  <testcase classname="tests.UITest" name="testFooterLinksAndIcons" time="0.178"/>
  <testcase classname="tests.UITest" name="testLogoutFromBurgerMenu" time="1.347"/>
  <testcase classname="tests.UITest" name="testNavigateToAbout" time="8.762"/>
  <testcase classname="tests.UITest" name="testResetAppState" time="0.838"/>
</testsuite> <!-- Test -->
